C:\USERS\ELI\DOCUMENTS\COMPUTER PROGRAMS\CS470\DEBUG\LAB1.EXE
C:\USERS\ELI\DOCUMENTS\COMPUTER PROGRAMS\CS470\DEBUG\LAB1.ILK
C:\USERS\ELI\DOCUMENTS\COMPUTER PROGRAMS\CS470\DEBUG\LAB1.PDB
C:\USERS\ELI\DOCUMENTS\COMPUTER PROGRAMS\CS470\LAB1\DEBUG\BOT.OBJ
C:\Users\Eli\Documents\Computer Programs\CS470\Lab1\Debug\cl.command.1.tlog
C:\Users\Eli\Documents\Computer Programs\CS470\Lab1\Debug\CL.read.1.tlog
C:\Users\Eli\Documents\Computer Programs\CS470\Lab1\Debug\CL.write.1.tlog
C:\USERS\ELI\DOCUMENTS\COMPUTER PROGRAMS\CS470\LAB1\DEBUG\GEOMETRY.OBJ
C:\USERS\ELI\DOCUMENTS\COMPUTER PROGRAMS\CS470\LAB1\DEBUG\GNUPLOTTER.OBJ
C:\USERS\ELI\DOCUMENTS\COMPUTER PROGRAMS\CS470\LAB1\DEBUG\LAB1.EXE.INTERMEDIATE.MANIFEST
C:\Users\Eli\Documents\Computer Programs\CS470\Lab1\Debug\Lab1.vcxprojResolveAssemblyReference.cache
C:\Users\Eli\Documents\Computer Programs\CS470\Lab1\Debug\Lab1.write.1.tlog
C:\Users\Eli\Documents\Computer Programs\CS470\Lab1\Debug\link.command.1.tlog
C:\Users\Eli\Documents\Computer Programs\CS470\Lab1\Debug\link.read.1.tlog
C:\Users\Eli\Documents\Computer Programs\CS470\Lab1\Debug\link.write.1.tlog
C:\USERS\ELI\DOCUMENTS\COMPUTER PROGRAMS\CS470\LAB1\DEBUG\MAIN.OBJ
C:\Users\Eli\Documents\Computer Programs\CS470\Lab1\Debug\mt.command.1.tlog
C:\Users\Eli\Documents\Computer Programs\CS470\Lab1\Debug\mt.read.1.tlog
C:\Users\Eli\Documents\Computer Programs\CS470\Lab1\Debug\mt.write.1.tlog
C:\USERS\ELI\DOCUMENTS\COMPUTER PROGRAMS\CS470\LAB1\DEBUG\POTENTIALFIELDS.OBJ
C:\USERS\ELI\DOCUMENTS\COMPUTER PROGRAMS\CS470\LAB1\DEBUG\TEAM.OBJ
C:\Users\Eli\Documents\Computer Programs\CS470\Lab1\Debug\vc100.idb
C:\USERS\ELI\DOCUMENTS\COMPUTER PROGRAMS\CS470\LAB1\DEBUG\VC100.PDB
